2023-04-25 23:04:21.665 - DBeaver 23.0.2.202304091457 is starting
2023-04-25 23:04:21.665 - OS: Mac OS X 13.2 (x86_64)
2023-04-25 23:04:21.665 - Java version: 17.0.6 by Eclipse Adoptium (64bit)
2023-04-25 23:04:21.665 - Install path: '/Applications/DBeaver.app/Contents/Eclipse'
2023-04-25 23:04:21.666 - Instance path: 'file:/Users/dreamtank117/Programming/Mysql/mysql_pratice/'
2023-04-25 23:04:21.666 - Memory available 64Mb/1024Mb
2023-04-25 23:04:21.675 - Create display
> Start Eclipse IDE UI [org.eclipse.ui.ide 3.20.0.v20221027-2208]
2023-04-25 23:04:21.979 - Initializing DBeaver 23.0.2
2023-04-25 23:04:21.980 - Host plugin: org.jkiss.dbeaver.ui.app.standalone 23.0.2.202304091457
2023-04-25 23:04:21.980 - Initialize desktop platform...
2023-04-25 23:04:22.129 - BounceCastle bundle found. Use JCE provider BC
> Start Core File Systems [org.eclipse.core.filesystem 1.9.500.v20220817-1539]
> Start Core Resource Management [org.eclipse.core.resources 3.18.100.v20221025-2047]
> Start 小组支持核心 [org.eclipse.team.core 3.9.600.v20220902-2219]
> Start DBeaver UI Navigator [org.jkiss.dbeaver.ui.navigator 1.0.103.202304091457]
2023-04-25 23:04:22.289 - 
2023-04-25 23:04:22.289 - 	Refreshing workspace.
2023-04-25 23:04:22.291 - Refreshing workspace contents
2023-04-25 23:04:22.398 - Initialize base platform...
> Start Expression Language [org.eclipse.core.expressions 3.8.200.v20220613-1047]
2023-04-25 23:04:22.426 - Platform initialized (446ms)
> Start DBeaver UI Editors - Base [org.jkiss.dbeaver.ui.editors.base 1.0.103.202304091457]
2023-04-25 23:04:22.444 - Starting RMI server at 45235
2023-04-25 23:04:22.484 - Run workbench
> Start DBeaver 界面 [org.jkiss.dbeaver.ui 5.1.118.202304091457]
> Start Eclipse e4 工作台 SWT [org.eclipse.e4.ui.workbench.swt 0.16.700.v20221024-2137]
> Start Eclipse Application Services [org.eclipse.e4.core.services 2.3.400.v20220915-1347]
> Start Eclipse UI Application Services [org.eclipse.e4.ui.services 1.5.100.v20221024-2137]
> Start Eclipse e4 Progress View [org.eclipse.e4.ui.progress 0.3.600.v20221024-2137]
> Start EMF XML/XMI Persistence [org.eclipse.emf.ecore.xmi 2.17.0.v20220817-1334]
> Start Eclipse e4 工作台加载项 [org.eclipse.e4.ui.workbench.addons.swt 1.4.500.v20221028-0801]
Warning: NLS unused message: WorkbenchPreference_showMultipleEditorTabsButton in: org.eclipse.ui.internal.messages
> Start Eclipse e4 工作台 SWT 呈现器 [org.eclipse.e4.ui.workbench.renderers.swt 0.15.700.v20221024-2137]
> Start Eclipse Bindings Support [org.eclipse.e4.ui.bindings 0.13.200.v20221024-2137]
> Start Eclipse Dependency Injection Extensions [org.eclipse.e4.core.di.extensions 0.17.200.v20220613-1008]
> Start Eclipse CSS SWT Support [org.eclipse.e4.ui.css.swt 0.14.700.v20221102-0748]
Warning: NLS unused message: BlockedJobsDialog_UserInterfaceTreeElement in: org.eclipse.ui.internal.progress.messages
> Start Eclipse CSS SWT Theme Support [org.eclipse.e4.ui.css.swt.theme 0.13.200.v20221024-2137]
> Start Equinox Java Authentication and Authorization Service (JAAS) [org.eclipse.equinox.security 1.3.1000.v20220801-1135]
> Start 因特网连接管理 UI [org.eclipse.ui.net 1.4.100.v20220812-1406]
> Start Internet Connection Management [org.eclipse.core.net 1.4.0.v20220813-1037]
2023-04-25 23:04:27.338 - Open [https://dbeaver.io/product/version.xml]
